Arguments: 
  /usr/local/bin/node /usr/local/bin/yarn dll

PATH: 
  /Users/meepo/.rvm/gems/ruby-2.4.0/bin:/Users/meepo/.rvm/gems/ruby-2.4.0@global/bin:/Users/meepo/.rvm/rubies/ruby-2.4.0/bin:/Library/Frameworks/Python.framework/Versions/3.6/bin:/usr/local/bin:/usr/bin:/bin:/usr/sbin:/sbin:/opt/X11/bin:/Library/Frameworks/Mono.framework/Versions/Current/Commands:/Users/meepo/.rvm/gems/ruby-2.4.0/bin:/Users/meepo/.rvm/gems/ruby-2.4.0@global/bin:/Users/meepo/.rvm/rubies/ruby-2.4.0/bin:/Library/Frameworks/Python.framework/Versions/3.6/bin:/Users/meepo/.rvm/bin:/Users/meepo/.rvm/bin

Yarn version: 
  1.5.1

Node version: 
  8.11.1

Platform: 
  darwin x64

npm manifest: 
  {
    "name": "angular6-webpack4-quickstart",
    "version": "0.1.0",
    "description": "Angular 6 with Webpack 4 builder quickstart ",
    "main": "index.js",
    "scripts": {
      "dev": "rimraf dist && webpack -w --config webpack.config.js --env.development --progress --profile --bail",
      "build": "rimraf dist && webpack --config webpack.config.js --env.production --progress --profile --bail",
      "serve": "webpack-dev-server --config webpack.config.js --env.development --content-base ./dist",
      "dll": "webpack --config webpack_dll.config.js"
    },
    "repository": {
      "type": "git",
      "url": "git+https://github.com/iwe7/notadd-main-starter.git"
    },
    "author": "iwe7",
    "license": "MIT",
    "bugs": {
      "url": "https://github.com/iwe7/notadd-main-starter/issues"
    },
    "homepage": "https://github.com/iwe7/notadd-main-starter#readme",
    "dependencies": {
      "@angular/animations": "^6.0.0",
      "@angular/cdk": "^6.0.0",
      "@angular/common": "^6.0.0",
      "@angular/elements": "^6.0.0",
      "@angular/compiler": "^6.0.0",
      "@angular/core": "^6.0.0",
      "@angular/forms": "^6.0.0",
      "@angular/http": "^6.0.0",
      "@angular/material": "^6.0.0",
      "@angular/platform-browser": "^6.0.0",
      "@angular/platform-browser-dynamic": "^6.0.0",
      "@angular/platform-server": "^6.0.0",
      "@angular/router": "^6.0.0",
      "hammerjs": "^2.0.8",
      "rxjs": "^6.0.0",
      "zone.js": "^0.8.26"
    },
    "devDependencies": {
      "@angular/compiler-cli": "^6.0.0",
      "@ngtools/webpack": "^6.0.0",
      "@types/hammerjs": "^2.0.35",
      "@types/node": "^9.6.7",
      "copy-webpack-plugin": "^4.5.1",
      "css-loader": "^0.28.11",
      "extract-text-webpack-plugin": "^4.0.0-beta.0",
      "file-loader": "^1.1.11",
      "html-loader": "^0.5.5",
      "mini-css-extract-plugin": "^0.4.0",
      "ngc-webpack": "^4.1.2",
      "node-sass": "^4.9.0",
      "raw-loader": "^0.5.1",
      "rimraf": "^2.6.2",
      "sass-loader": "^7.0.1",
      "style-loader": "^0.21.0",
      "typescript": "2.7.2",
      "webpack": "^4.7.0",
      "webpack-cli": "^2.1.2",
      "webpack-dev-server": "^3.1.4"
    }
  }

yarn manifest: 
  No manifest

Lockfile: 
  No lockfile

Trace: 
  Error: Command failed.
  Exit code: 2
  Command: sh
  Arguments: -c webpack --config webpack_dll.config.js
  Directory: /Volumes/meepo/小明跑腿3.0/news/angular6-webpack4-quickstart
  Output:
  
      at ProcessTermError.MessageError (/usr/local/lib/node_modules/yarn/lib/cli.js:186:110)
      at new ProcessTermError (/usr/local/lib/node_modules/yarn/lib/cli.js:226:113)
      at ChildProcess.<anonymous> (/usr/local/lib/node_modules/yarn/lib/cli.js:30281:17)
      at emitTwo (events.js:126:13)
      at ChildProcess.emit (events.js:214:7)
      at maybeClose (internal/child_process.js:925:16)
      at Process.ChildProcess._handle.onexit (internal/child_process.js:209:5)
